[2022-01-12 12:01:38:495] [Teat/INFO] az
[2022-01-12 12:01:38:495] [Teat/INFO] az
[2022-01-12 12:01:38:495] [Teat/INFO] az
[2022-01-12 12:01:38:495] [Teat/INFO] az
[2022-01-12 12:01:38:495] [Teat/INFO] az
[2022-01-12 12:01:38:495] [Teat/INFO] az
[2022-01-12 12:01:38:495] [Teat/ERROR] az
[2022-01-12 12:01:38:495] [Teat/INFO] az
[2022-01-12 12:01:38:495] [Teat/DEBUG] az
[2022-01-12 12:01:38:495] [ConfigUtil-Barnacle/INFO] loading config from: BarnacleConfig.mhf
[2022-01-12 12:01:38:527] [ConfigUtil-Barnacle/INFO] loading for config: players
[2022-01-12 12:01:38:527] [ConfigUtil-Barnacle/INFO] loading for config: levels
[2022-01-12 12:01:38:527] [ConfigUtil-Barnacle/INFO] load config done
[2022-01-12 12:01:38:652] [Barnacle/INFO] launching Barnacle
[2022-01-12 12:01:38:761] [Barnacle/INFO] started trend tread
[2022-01-12 12:01:38:766] [Barnacle Trend/INFO] trending for stage.1
[2022-01-12 12:01:38:766] [Barnacle Trend/INFO] pre trending for stage.2-1
[2022-01-12 12:01:38:770] [Barnacle Plot/INFO] 我睁开了眼
[2022-01-12 12:01:39:918] [Barnacle Plot/INFO] 冰冷的光填满了我的房间
[2022-02-12 12:02:11:321] [ConfigUtil-Barnacle/INFO] saving configs and shutting down ConfigUtil
[2022-02-12 12:02:11:342] [ConfigUtil-Barnacle/INFO] all config are saved, shutting down
[2022-02-12 12:02:11:342] [ConfigUtil-Barnacle/INFO] ConfigUtil are shutdown
[2022-02-12 12:02:11:343] [Barnacle/INFO] stopping game
